<?xml version="1.0" encoding="UTF-8"?>
<coverage generated="1644501563512" clover="3.2.0">
  <project timestamp="1644501563512" name="All files">
    <metrics statements="39" coveredstatements="34" conditionals="17" coveredconditionals="12" methods="5" coveredmethods="4" elements="61" coveredelements="50" complexity="0" loc="39" ncloc="39" packages="2" files="2" classes="2"/>
    <package name="src">
      <metrics statements="9" coveredstatements="6" conditionals="5" coveredconditionals="4" methods="2" coveredmethods="1"/>
      <file name="env-vars.ts" path="/Users/jingood2/git/cdk-template-project/cdk-servicecatalog-template/src/env-vars.ts">
        <metrics statements="9" coveredstatements="6" conditionals="5" coveredconditionals="4" methods="2" coveredmethods="1"/>
        <line num="1" count="1" type="stmt"/>
        <line num="3" count="1" type="cond" truecount="2" falsecount="0"/>
        <line num="4" count="1" type="stmt"/>
        <line num="5" count="1" type="stmt"/>
        <line num="8" count="1" type="stmt"/>
        <line num="23" count="1" type="stmt"/>
        <line num="24" count="0" type="stmt"/>
        <line num="25" count="0" type="cond" truecount="0" falsecount="1"/>
        <line num="26" count="0" type="stmt"/>
      </file>
    </package>
    <package name="src.lib">
      <metrics statements="30" coveredstatements="28" conditionals="12" coveredconditionals="8" methods="3" coveredmethods="3"/>
      <file name="sc-portfolio-stack.ts" path="/Users/jingood2/git/cdk-template-project/cdk-servicecatalog-template/src/lib/sc-portfolio-stack.ts">
        <metrics statements="30" coveredstatements="28" conditionals="12" coveredconditionals="8" methods="3" coveredmethods="3"/>
        <line num="1" count="1" type="stmt"/>
        <line num="2" count="1" type="stmt"/>
        <line num="3" count="1" type="stmt"/>
        <line num="4" count="1" type="stmt"/>
        <line num="5" count="1" type="stmt"/>
        <line num="6" count="1" type="stmt"/>
        <line num="11" count="1" type="stmt"/>
        <line num="14" count="1" type="stmt"/>
        <line num="16" count="1" type="cond" truecount="1" falsecount="1"/>
        <line num="17" count="0" type="stmt"/>
        <line num="19" count="1" type="stmt"/>
        <line num="25" count="1" type="cond" truecount="0" falsecount="1"/>
        <line num="26" count="0" type="stmt"/>
        <line num="28" count="1" type="cond" truecount="1" falsecount="0"/>
        <line num="29" count="1" type="stmt"/>
        <line num="33" count="1" type="stmt"/>
        <line num="38" count="1" type="stmt"/>
        <line num="44" count="1" type="stmt"/>
        <line num="45" count="1" type="stmt"/>
        <line num="46" count="1" type="stmt"/>
        <line num="47" count="1" type="stmt"/>
        <line num="48" count="1" type="stmt"/>
        <line num="49" count="1" type="stmt"/>
        <line num="50" count="1" type="stmt"/>
        <line num="58" count="7" type="cond" truecount="3" falsecount="1"/>
        <line num="59" count="7" type="stmt"/>
        <line num="61" count="7" type="stmt"/>
        <line num="64" count="23" type="stmt"/>
        <line num="66" count="23" type="stmt"/>
        <line num="77" count="23" type="stmt"/>
      </file>
    </package>
  </project>
</coverage>
