{"/Users/jingood2/git/cdk-template-project/cdk-servicecatalog-template/src/env-vars.ts": {"path":"/Users/jingood2/git/cdk-template-project/cdk-servicecatalog-template/src/env-vars.ts","statementMap":{"0":{"start":{"line":1,"column":0},"end":{"line":1,"column":31}},"1":{"start":{"line":3,"column":0},"end":{"line":3,"column":null}},"2":{"start":{"line":4,"column":2},"end":{"line":4,"column":null}},"3":{"start":{"line":5,"column":2},"end":{"line":5,"column":null}},"4":{"start":{"line":8,"column":13},"end":{"line":21,"column":2}},"5":{"start":{"line":24,"column":2},"end":{"line":30,"column":null}},"6":{"start":{"line":25,"column":4},"end":{"line":29,"column":null}},"7":{"start":{"line":26,"column":6},"end":{"line":28,"column":8}},"8":{"start":{"line":23,"column":0},"end":{"line":23,"column":16}}},"fnMap":{"0":{"name":"(anonymous_6)","decl":{"start":{"line":3,"column":0},"end":{"line":3,"column":12}},"loc":{"start":{"line":3,"column":25},"end":{"line":6,"column":1}}},"1":{"name":"validateEnvVariables","decl":{"start":{"line":23,"column":16},"end":{"line":23,"column":36}},"loc":{"start":{"line":23,"column":36},"end":{"line":31,"column":1}}}},"branchMap":{"0":{"loc":{"start":{"line":3,"column":12},"end":{"line":3,"column":null}},"type":"binary-expr","locations":[{"start":{"line":3,"column":12},"end":{"line":3,"column":25}},{"start":{"line":3,"column":12},"end":{"line":3,"column":null}}]},"1":{"loc":{"start":{"line":9,"column":10},"end":{"line":9,"column":48}},"type":"binary-expr","locations":[{"start":{"line":9,"column":10},"end":{"line":9,"column":28}},{"start":{"line":9,"column":32},"end":{"line":9,"column":48}}]},"2":{"loc":{"start":{"line":25,"column":4},"end":{"line":29,"column":null}},"type":"if","locations":[{"start":{"line":25,"column":4},"end":{"line":29,"column":null}}]}},"s":{"0":1,"1":1,"2":1,"3":1,"4":1,"5":0,"6":0,"7":0,"8":1},"f":{"0":1,"1":0},"b":{"0":[1,1],"1":[1,1],"2":[0]}}
,"/Users/jingood2/git/cdk-template-project/cdk-servicecatalog-template/src/lib/sc-portfolio-stack.ts": {"path":"/Users/jingood2/git/cdk-template-project/cdk-servicecatalog-template/src/lib/sc-portfolio-stack.ts","statementMap":{"0":{"start":{"line":1,"column":0},"end":{"line":1,"column":20}},"1":{"start":{"line":2,"column":0},"end":{"line":2,"column":29}},"2":{"start":{"line":3,"column":0},"end":{"line":3,"column":40}},"3":{"start":{"line":4,"column":0},"end":{"line":4,"column":62}},"4":{"start":{"line":5,"column":0},"end":{"line":5,"column":37}},"5":{"start":{"line":6,"column":0},"end":{"line":6,"column":38}},"6":{"start":{"line":15,"column":0},"end":{"line":15,"column":null}},"7":{"start":{"line":16,"column":2},"end":{"line":16,"column":null}},"8":{"start":{"line":17,"column":2},"end":{"line":17,"column":null}},"9":{"start":{"line":23,"column":4},"end":{"line":23,"column":29}},"10":{"start":{"line":25,"column":4},"end":{"line":43,"column":null}},"11":{"start":{"line":26,"column":6},"end":{"line":26,"column":120}},"12":{"start":{"line":28,"column":6},"end":{"line":33,"column":9}},"13":{"start":{"line":34,"column":6},"end":{"line":37,"column":null}},"14":{"start":{"line":35,"column":22},"end":{"line":35,"column":89}},"15":{"start":{"line":36,"column":8},"end":{"line":36,"column":48}},"16":{"start":{"line":38,"column":6},"end":{"line":42,"column":null}},"17":{"start":{"line":40,"column":21},"end":{"line":40,"column":99}},"18":{"start":{"line":41,"column":8},"end":{"line":41,"column":46}},"19":{"start":{"line":45,"column":35},"end":{"line":50,"column":6}},"20":{"start":{"line":51,"column":4},"end":{"line":51,"column":63}},"21":{"start":{"line":57,"column":4},"end":{"line":57,"column":90}},"22":{"start":{"line":58,"column":4},"end":{"line":58,"column":89}},"23":{"start":{"line":59,"column":4},"end":{"line":59,"column":90}},"24":{"start":{"line":60,"column":4},"end":{"line":60,"column":94}},"25":{"start":{"line":61,"column":4},"end":{"line":61,"column":90}},"26":{"start":{"line":83,"column":17},"end":{"line":83,"column":32}},"27":{"start":{"line":84,"column":4},"end":{"line":84,"column":30}},"28":{"start":{"line":86,"column":4},"end":{"line":117,"column":7}},"29":{"start":{"line":89,"column":20},"end":{"line":89,"column":43}},"30":{"start":{"line":96,"column":6},"end":{"line":105,"column":9}},"31":{"start":{"line":107,"column":6},"end":{"line":107,"column":41}},"32":{"start":{"line":20,"column":0},"end":{"line":20,"column":13}}},"fnMap":{"0":{"name":"(anonymous_7)","decl":{"start":{"line":15,"column":0},"end":{"line":15,"column":12}},"loc":{"start":{"line":15,"column":25},"end":{"line":18,"column":1}}},"1":{"name":"(anonymous_8)","decl":{"start":{"line":22,"column":2},"end":{"line":22,"column":14}},"loc":{"start":{"line":22,"column":74},"end":{"line":77,"column":3}}},"2":{"name":"(anonymous_9)","decl":{"start":{"line":79,"column":10},"end":{"line":79,"column":42}},"loc":{"start":{"line":79,"column":77},"end":{"line":119,"column":3}}},"3":{"name":"(anonymous_10)","decl":{"start":{"line":86,"column":32},"end":{"line":86,"column":33}},"loc":{"start":{"line":86,"column":41},"end":{"line":117,"column":5}}}},"branchMap":{"0":{"loc":{"start":{"line":15,"column":12},"end":{"line":15,"column":null}},"type":"binary-expr","locations":[{"start":{"line":15,"column":12},"end":{"line":15,"column":25}},{"start":{"line":15,"column":12},"end":{"line":15,"column":null}}]},"1":{"loc":{"start":{"line":25,"column":4},"end":{"line":43,"column":null}},"type":"if","locations":[{"start":{"line":25,"column":4},"end":{"line":43,"column":null}},{"start":{"line":27,"column":11},"end":{"line":43,"column":null}}]},"2":{"loc":{"start":{"line":29,"column":21},"end":{"line":29,"column":79}},"type":"cond-expr","locations":[{"start":{"line":29,"column":60},"end":{"line":29,"column":64}},{"start":{"line":29,"column":64},"end":{"line":29,"column":79}}]},"3":{"loc":{"start":{"line":29,"column":21},"end":{"line":29,"column":64}},"type":"binary-expr","locations":[{"start":{"line":29,"column":21},"end":{"line":29,"column":64}},{"start":{"line":29,"column":60},"end":{"line":29,"column":64}}]},"4":{"loc":{"start":{"line":34,"column":6},"end":{"line":37,"column":null}},"type":"if","locations":[{"start":{"line":34,"column":6},"end":{"line":37,"column":null}}]},"5":{"loc":{"start":{"line":38,"column":6},"end":{"line":42,"column":null}},"type":"if","locations":[{"start":{"line":38,"column":6},"end":{"line":42,"column":null}}]},"6":{"loc":{"start":{"line":83,"column":17},"end":{"line":83,"column":32}},"type":"cond-expr","locations":[{"start":{"line":83,"column":17},"end":{"line":83,"column":26}},{"start":{"line":83,"column":30},"end":{"line":83,"column":32}}]},"7":{"loc":{"start":{"line":83,"column":17},"end":{"line":83,"column":30}},"type":"binary-expr","locations":[{"start":{"line":83,"column":17},"end":{"line":83,"column":30}},{"start":{"line":83,"column":17},"end":{"line":83,"column":30}}]}},"s":{"0":1,"1":1,"2":1,"3":1,"4":1,"5":1,"6":1,"7":1,"8":1,"9":1,"10":1,"11":0,"12":1,"13":1,"14":1,"15":1,"16":1,"17":0,"18":0,"19":1,"20":1,"21":1,"22":1,"23":1,"24":1,"25":1,"26":5,"27":5,"28":5,"29":18,"30":18,"31":18,"32":1},"f":{"0":1,"1":1,"2":5,"3":18},"b":{"0":[1,1],"1":[0,1],"2":[1,0],"3":[1,1],"4":[1],"5":[0],"6":[0,5],"7":[5,5]}}
}
