{"/Users/jingood2/git/cdk-template-project/cdk-servicecatalog-template/src/env-vars.ts": {"path":"/Users/jingood2/git/cdk-template-project/cdk-servicecatalog-template/src/env-vars.ts","statementMap":{"0":{"start":{"line":1,"column":0},"end":{"line":1,"column":31}},"1":{"start":{"line":3,"column":0},"end":{"line":3,"column":null}},"2":{"start":{"line":4,"column":2},"end":{"line":4,"column":null}},"3":{"start":{"line":5,"column":2},"end":{"line":5,"column":null}},"4":{"start":{"line":8,"column":13},"end":{"line":21,"column":2}},"5":{"start":{"line":24,"column":2},"end":{"line":30,"column":null}},"6":{"start":{"line":25,"column":4},"end":{"line":29,"column":null}},"7":{"start":{"line":26,"column":6},"end":{"line":28,"column":8}},"8":{"start":{"line":23,"column":0},"end":{"line":23,"column":16}}},"fnMap":{"0":{"name":"(anonymous_6)","decl":{"start":{"line":3,"column":0},"end":{"line":3,"column":12}},"loc":{"start":{"line":3,"column":25},"end":{"line":6,"column":1}}},"1":{"name":"validateEnvVariables","decl":{"start":{"line":23,"column":16},"end":{"line":23,"column":36}},"loc":{"start":{"line":23,"column":36},"end":{"line":31,"column":1}}}},"branchMap":{"0":{"loc":{"start":{"line":3,"column":12},"end":{"line":3,"column":null}},"type":"binary-expr","locations":[{"start":{"line":3,"column":12},"end":{"line":3,"column":25}},{"start":{"line":3,"column":12},"end":{"line":3,"column":null}}]},"1":{"loc":{"start":{"line":9,"column":10},"end":{"line":9,"column":48}},"type":"binary-expr","locations":[{"start":{"line":9,"column":10},"end":{"line":9,"column":28}},{"start":{"line":9,"column":32},"end":{"line":9,"column":48}}]},"2":{"loc":{"start":{"line":25,"column":4},"end":{"line":29,"column":null}},"type":"if","locations":[{"start":{"line":25,"column":4},"end":{"line":29,"column":null}}]}},"s":{"0":1,"1":1,"2":1,"3":1,"4":1,"5":0,"6":0,"7":0,"8":1},"f":{"0":1,"1":0},"b":{"0":[1,1],"1":[1,1],"2":[0]}}
,"/Users/jingood2/git/cdk-template-project/cdk-servicecatalog-template/src/lib/sc-portfolio-stack.ts": {"path":"/Users/jingood2/git/cdk-template-project/cdk-servicecatalog-template/src/lib/sc-portfolio-stack.ts","statementMap":{"0":{"start":{"line":1,"column":0},"end":{"line":1,"column":20}},"1":{"start":{"line":2,"column":0},"end":{"line":2,"column":29}},"2":{"start":{"line":3,"column":0},"end":{"line":3,"column":40}},"3":{"start":{"line":4,"column":0},"end":{"line":4,"column":62}},"4":{"start":{"line":5,"column":0},"end":{"line":5,"column":37}},"5":{"start":{"line":6,"column":0},"end":{"line":6,"column":38}},"6":{"start":{"line":14,"column":4},"end":{"line":14,"column":29}},"7":{"start":{"line":16,"column":4},"end":{"line":31,"column":null}},"8":{"start":{"line":17,"column":6},"end":{"line":17,"column":120}},"9":{"start":{"line":19,"column":6},"end":{"line":24,"column":9}},"10":{"start":{"line":25,"column":6},"end":{"line":27,"column":null}},"11":{"start":{"line":26,"column":8},"end":{"line":26,"column":118}},"12":{"start":{"line":28,"column":6},"end":{"line":30,"column":null}},"13":{"start":{"line":29,"column":8},"end":{"line":29,"column":111}},"14":{"start":{"line":33,"column":35},"end":{"line":37,"column":6}},"15":{"start":{"line":38,"column":4},"end":{"line":38,"column":63}},"16":{"start":{"line":44,"column":4},"end":{"line":44,"column":90}},"17":{"start":{"line":45,"column":4},"end":{"line":45,"column":89}},"18":{"start":{"line":46,"column":4},"end":{"line":46,"column":90}},"19":{"start":{"line":47,"column":4},"end":{"line":47,"column":94}},"20":{"start":{"line":48,"column":4},"end":{"line":48,"column":90}},"21":{"start":{"line":56,"column":17},"end":{"line":56,"column":32}},"22":{"start":{"line":57,"column":4},"end":{"line":57,"column":30}},"23":{"start":{"line":59,"column":4},"end":{"line":90,"column":7}},"24":{"start":{"line":62,"column":20},"end":{"line":62,"column":43}},"25":{"start":{"line":69,"column":6},"end":{"line":78,"column":9}},"26":{"start":{"line":80,"column":6},"end":{"line":80,"column":41}},"27":{"start":{"line":11,"column":0},"end":{"line":11,"column":13}}},"fnMap":{"0":{"name":"(anonymous_7)","decl":{"start":{"line":13,"column":2},"end":{"line":13,"column":14}},"loc":{"start":{"line":13,"column":77},"end":{"line":50,"column":3}}},"1":{"name":"(anonymous_8)","decl":{"start":{"line":52,"column":10},"end":{"line":52,"column":42}},"loc":{"start":{"line":52,"column":77},"end":{"line":92,"column":3}}},"2":{"name":"(anonymous_9)","decl":{"start":{"line":59,"column":32},"end":{"line":59,"column":33}},"loc":{"start":{"line":59,"column":41},"end":{"line":90,"column":5}}}},"branchMap":{"0":{"loc":{"start":{"line":16,"column":4},"end":{"line":31,"column":null}},"type":"if","locations":[{"start":{"line":16,"column":4},"end":{"line":31,"column":null}},{"start":{"line":18,"column":11},"end":{"line":31,"column":null}}]},"1":{"loc":{"start":{"line":20,"column":21},"end":{"line":20,"column":65}},"type":"cond-expr","locations":[{"start":{"line":20,"column":46},"end":{"line":20,"column":50}},{"start":{"line":20,"column":50},"end":{"line":20,"column":65}}]},"2":{"loc":{"start":{"line":20,"column":21},"end":{"line":20,"column":50}},"type":"binary-expr","locations":[{"start":{"line":20,"column":21},"end":{"line":20,"column":50}},{"start":{"line":20,"column":46},"end":{"line":20,"column":50}}]},"3":{"loc":{"start":{"line":25,"column":6},"end":{"line":27,"column":null}},"type":"if","locations":[{"start":{"line":25,"column":6},"end":{"line":27,"column":null}}]},"4":{"loc":{"start":{"line":28,"column":6},"end":{"line":30,"column":null}},"type":"if","locations":[{"start":{"line":28,"column":6},"end":{"line":30,"column":null}}]},"5":{"loc":{"start":{"line":56,"column":17},"end":{"line":56,"column":32}},"type":"cond-expr","locations":[{"start":{"line":56,"column":17},"end":{"line":56,"column":26}},{"start":{"line":56,"column":30},"end":{"line":56,"column":32}}]},"6":{"loc":{"start":{"line":56,"column":17},"end":{"line":56,"column":30}},"type":"binary-expr","locations":[{"start":{"line":56,"column":17},"end":{"line":56,"column":30}},{"start":{"line":56,"column":17},"end":{"line":56,"column":30}}]}},"s":{"0":1,"1":1,"2":1,"3":1,"4":1,"5":1,"6":1,"7":1,"8":0,"9":1,"10":1,"11":1,"12":1,"13":0,"14":1,"15":1,"16":1,"17":1,"18":1,"19":1,"20":1,"21":5,"22":5,"23":5,"24":18,"25":18,"26":18,"27":1},"f":{"0":1,"1":5,"2":18},"b":{"0":[0,1],"1":[1,0],"2":[1,1],"3":[1],"4":[0],"5":[0,5],"6":[5,5]}}
}
