TN:
SF:src/env-vars.ts
FN:3,(anonymous_6)
FN:23,validateEnvVariables
FNF:2
FNH:1
FNDA:1,(anonymous_6)
FNDA:0,validateEnvVariables
DA:1,1
DA:3,1
DA:4,1
DA:5,1
DA:8,1
DA:23,1
DA:24,0
DA:25,0
DA:26,0
LF:9
LH:6
BRDA:3,0,0,1
BRDA:3,0,1,1
BRDA:9,1,0,1
BRDA:9,1,1,1
BRDA:25,2,0,0
BRF:5
BRH:4
end_of_record
TN:
SF:src/lib/sc-portfolio-stack.ts
FN:15,(anonymous_7)
FN:22,(anonymous_8)
FN:79,(anonymous_9)
FN:86,(anonymous_10)
FNF:4
FNH:4
FNDA:1,(anonymous_7)
FNDA:1,(anonymous_8)
FNDA:5,(anonymous_9)
FNDA:18,(anonymous_10)
DA:1,1
DA:2,1
DA:3,1
DA:4,1
DA:5,1
DA:6,1
DA:15,1
DA:16,1
DA:17,1
DA:20,1
DA:23,1
DA:25,1
DA:26,0
DA:28,1
DA:34,1
DA:35,1
DA:36,1
DA:38,1
DA:40,0
DA:41,0
DA:45,1
DA:51,1
DA:57,1
DA:58,1
DA:59,1
DA:60,1
DA:61,1
DA:83,5
DA:84,5
DA:86,5
DA:89,18
DA:96,18
DA:107,18
LF:33
LH:30
BRDA:15,0,0,1
BRDA:15,0,1,1
BRDA:25,1,0,0
BRDA:25,1,1,1
BRDA:29,2,0,1
BRDA:29,2,1,0
BRDA:29,3,0,1
BRDA:29,3,1,1
BRDA:34,4,0,1
BRDA:38,5,0,0
BRDA:83,6,0,0
BRDA:83,6,1,5
BRDA:83,7,0,5
BRDA:83,7,1,5
BRF:14
BRH:10
end_of_record
