TN:
SF:src/env-vars.ts
FN:3,(anonymous_6)
FN:23,validateEnvVariables
FNF:2
FNH:1
FNDA:1,(anonymous_6)
FNDA:0,validateEnvVariables
DA:1,1
DA:3,1
DA:4,1
DA:5,1
DA:8,1
DA:23,1
DA:24,0
DA:25,0
DA:26,0
LF:9
LH:6
BRDA:3,0,0,1
BRDA:3,0,1,1
BRDA:9,1,0,1
BRDA:9,1,1,1
BRDA:25,2,0,0
BRF:5
BRH:4
end_of_record
TN:
SF:src/lib/sc-portfolio-stack.ts
FN:14,(anonymous_7)
FN:21,(anonymous_8)
FN:71,(anonymous_9)
FN:75,(anonymous_10)
FNF:4
FNH:4
FNDA:1,(anonymous_7)
FNDA:1,(anonymous_8)
FNDA:1,(anonymous_9)
FNDA:2,(anonymous_10)
DA:1,1
DA:2,1
DA:3,1
DA:4,1
DA:5,1
DA:6,1
DA:14,1
DA:15,1
DA:16,1
DA:19,1
DA:22,1
DA:24,1
DA:25,0
DA:27,1
DA:37,1
DA:39,0
DA:40,0
DA:44,1
DA:48,1
DA:50,1
DA:54,1
DA:75,1
DA:78,2
DA:79,2
DA:81,2
DA:92,2
DA:94,2
LF:27
LH:24
BRDA:14,0,0,1
BRDA:14,0,1,1
BRDA:24,1,0,0
BRDA:24,1,1,1
BRDA:28,2,0,1
BRDA:28,2,1,0
BRDA:28,3,0,1
BRDA:28,3,1,1
BRDA:37,4,0,0
BRF:9
BRH:6
end_of_record
